[07-Feb-2017 07:58:51 Europe/Paris] PHP Fatal error:  Uncaught exception 'Umail\Exception\UmailException' with message 'Cannot use template order_confirmation because no TemplateLoader is set.' in /Users/pierrelafitte/Desktop/mondossier/web/php/projects/xilou/public/class/Umail/Umail.php:347
Stack trace:
#0 /Users/pierrelafitte/Desktop/mondossier/web/php/projects/xilou/public/class/Umail/Umail.php(228): Umail\Umail->prepareBody()
#1 /Users/pierrelafitte/Desktop/mondossier/web/php/projects/xilou/public/www/mail.php(22): Umail\Umail->send()
#2 {main}
  thrown in /Users/pierrelafitte/Desktop/mondossier/web/php/projects/xilou/public/class/Umail/Umail.php on line 347
[07-Feb-2017 10:37:52 Europe/Paris] PHP Fatal error:  Uncaught exception 'Swift_IoException' with message 'Unable to open file for reading [/Users/pierrelafitte/Desktop/mondossier/web/php/projects/xilou/public/www/myshop-logo.jpg]' in /Users/pierrelafitte/Desktop/mondossier/web/php/projects/xilou/public/vendor/swiftmailer/swiftmailer/lib/classes/Swift/ByteStream/FileByteStream.php:144
Stack trace:
#0 /Users/pierrelafitte/Desktop/mondossier/web/php/projects/xilou/public/vendor/swiftmailer/swiftmailer/lib/classes/Swift/ByteStream/FileByteStream.php(84): Swift_ByteStream_FileByteStream->_getReadHandle()
#1 /Users/pierrelafitte/Desktop/mondossier/web/php/projects/xilou/public/vendor/swiftmailer/swiftmailer/lib/classes/Swift/Mime/SimpleMimeEntity.php(691): Swift_ByteStream_FileByteStream->read(8192)
#2 /Users/pierrelafitte/Desktop/mondossier/web/php/projects/xilou/public/vendor/swiftmailer/swiftmailer/lib/classes/Swift/Mime/SimpleMimeEntity.php(348): Swift_Mime_SimpleMimeEntity->_readStream(Object(Swift_ByteStream_FileByteStream))
#3 /Users/pierrelafitte/Desktop/mond in /Users/pierrelafitte/Desktop/mondossier/web/php/projects/xilou/public/vendor/swiftmailer/swiftmailer/lib/classes/Swift/ByteStream/FileByteStream.php on line 144
[07-Feb-2017 10:48:40 Europe/Paris] PHP Fatal error:  Uncaught exception 'Swift_IoException' with message 'Unable to open file for reading [/Users/pierrelafitte/Desktop/mondossier/web/php/projects/xilou/public/www/myshop-logo.jpg]' in /Users/pierrelafitte/Desktop/mondossier/web/php/projects/xilou/public/vendor/swiftmailer/swiftmailer/lib/classes/Swift/ByteStream/FileByteStream.php:144
Stack trace:
#0 /Users/pierrelafitte/Desktop/mondossier/web/php/projects/xilou/public/vendor/swiftmailer/swiftmailer/lib/classes/Swift/ByteStream/FileByteStream.php(84): Swift_ByteStream_FileByteStream->_getReadHandle()
#1 /Users/pierrelafitte/Desktop/mondossier/web/php/projects/xilou/public/vendor/swiftmailer/swiftmailer/lib/classes/Swift/Mime/SimpleMimeEntity.php(691): Swift_ByteStream_FileByteStream->read(8192)
#2 /Users/pierrelafitte/Desktop/mondossier/web/php/projects/xilou/public/vendor/swiftmailer/swiftmailer/lib/classes/Swift/Mime/SimpleMimeEntity.php(348): Swift_Mime_SimpleMimeEntity->_readStream(Object(Swift_ByteStream_FileByteStream))
#3 /Users/pierrelafitte/Desktop/mond in /Users/pierrelafitte/Desktop/mondossier/web/php/projects/xilou/public/vendor/swiftmailer/swiftmailer/lib/classes/Swift/ByteStream/FileByteStream.php on line 144
[07-Feb-2017 10:49:18 Europe/Paris] PHP Fatal error:  Uncaught exception 'Swift_IoException' with message 'Unable to open file for reading [/Users/pierrelafitte/Desktop/mondossier/web/php/projects/xilou/public/www/myshop-logo.jpg]' in /Users/pierrelafitte/Desktop/mondossier/web/php/projects/xilou/public/vendor/swiftmailer/swiftmailer/lib/classes/Swift/ByteStream/FileByteStream.php:144
Stack trace:
#0 /Users/pierrelafitte/Desktop/mondossier/web/php/projects/xilou/public/vendor/swiftmailer/swiftmailer/lib/classes/Swift/ByteStream/FileByteStream.php(84): Swift_ByteStream_FileByteStream->_getReadHandle()
#1 /Users/pierrelafitte/Desktop/mondossier/web/php/projects/xilou/public/vendor/swiftmailer/swiftmailer/lib/classes/Swift/Mime/SimpleMimeEntity.php(691): Swift_ByteStream_FileByteStream->read(8192)
#2 /Users/pierrelafitte/Desktop/mondossier/web/php/projects/xilou/public/vendor/swiftmailer/swiftmailer/lib/classes/Swift/Mime/SimpleMimeEntity.php(348): Swift_Mime_SimpleMimeEntity->_readStream(Object(Swift_ByteStream_FileByteStream))
#3 /Users/pierrelafitte/Desktop/mond in /Users/pierrelafitte/Desktop/mondossier/web/php/projects/xilou/public/vendor/swiftmailer/swiftmailer/lib/classes/Swift/ByteStream/FileByteStream.php on line 144
[08-Feb-2017 21:09:51 Europe/Paris] PHP Fatal error:  Uncaught Error: Class 'TCPDF' not found in /Volumes/Macintosh HD 2/it/php/projects/xilou/public/class/Updf/Updf.php:28
Stack trace:
#0 /Volumes/Macintosh HD 2/it/php/projects/xilou/public/class/Updf/Updf.php(36): Updf\Updf->__construct()
#1 /Volumes/Macintosh HD 2/it/php/projects/xilou/public/www/pdf.php(11): Updf\Updf::create()
#2 {main}
  thrown in /Volumes/Macintosh HD 2/it/php/projects/xilou/public/class/Updf/Updf.php on line 28
[09-Feb-2017 05:56:21 Europe/Paris] PHP Fatal error:  Uncaught Error: Cannot use object of type ReflectionProperty as array in /Volumes/Macintosh HD 2/it/php/projects/xilou/public/class/Updf/Component/AbstractComponent.php:202
Stack trace:
#0 [internal function]: Updf\Component\AbstractComponent->Updf\Component\{closure}(Object(ReflectionProperty))
#1 /Volumes/Macintosh HD 2/it/php/projects/xilou/public/class/Updf/Component/AbstractComponent.php(203): array_map(Object(Closure), Array)
#2 /Volumes/Macintosh HD 2/it/php/projects/xilou/public/class/Updf/Component/AbstractComponent.php(169): Updf\Component\AbstractComponent->getPublicPropsVars()
#3 /Volumes/Macintosh HD 2/it/php/projects/xilou/public/class/Updf/Updf.php(124): Updf\Component\AbstractComponent->getTemplateVars()
#4 /Volumes/Macintosh HD 2/it/php/projects/xilou/public/www/pdf.php(14): Updf\Updf->render()
#5 {main}
  thrown in /Volumes/Macintosh HD 2/it/php/projects/xilou/public/class/Updf/Component/AbstractComponent.php on line 202
[09-Feb-2017 06:02:09 Europe/Paris] PHP Warning:  ReflectionProperty::getValue() expects exactly 1 parameter, 0 given in /Volumes/Macintosh HD 2/it/php/projects/xilou/public/class/Updf/Component/AbstractComponent.php on line 206
[09-Feb-2017 06:02:09 Europe/Paris] PHP Warning:  ReflectionProperty::getValue() expects exactly 1 parameter, 0 given in /Volumes/Macintosh HD 2/it/php/projects/xilou/public/class/Updf/Component/AbstractComponent.php on line 206
[09-Feb-2017 06:25:10 Europe/Paris] PHP Fatal error:  Uncaught Error: Class 'Updf\Exception\UpdfException' not found in /Volumes/Macintosh HD 2/it/php/projects/xilou/public/class/Updf/Updf.php:122
Stack trace:
#0 /Volumes/Macintosh HD 2/it/php/projects/xilou/public/www/pdf.php(15): Updf\Updf->render()
#1 {main}
  thrown in /Volumes/Macintosh HD 2/it/php/projects/xilou/public/class/Updf/Updf.php on line 122
[09-Feb-2017 06:25:33 Europe/Paris] PHP Fatal error:  Uncaught Error: Class 'Updf\Exception\UpdfException' not found in /Volumes/Macintosh HD 2/it/php/projects/xilou/public/class/Updf/Updf.php:122
Stack trace:
#0 /Volumes/Macintosh HD 2/it/php/projects/xilou/public/www/pdf.php(15): Updf\Updf->render()
#1 {main}
  thrown in /Volumes/Macintosh HD 2/it/php/projects/xilou/public/class/Updf/Updf.php on line 122
[09-Feb-2017 06:25:48 Europe/Paris] PHP Fatal error:  Uncaught Error: Class 'Updf\Exception\UpdfException' not found in /Volumes/Macintosh HD 2/it/php/projects/xilou/public/class/Updf/Updf.php:122
Stack trace:
#0 /Volumes/Macintosh HD 2/it/php/projects/xilou/public/www/pdf.php(15): Updf\Updf->render()
#1 {main}
  thrown in /Volumes/Macintosh HD 2/it/php/projects/xilou/public/class/Updf/Updf.php on line 122
[09-Feb-2017 06:26:49 Europe/Paris] PHP Fatal error:  Uncaught Updf\Exception\UpdfException: Couldn't load the template content for InvoiceAddressBlockComponent in /Volumes/Macintosh HD 2/it/php/projects/xilou/public/class/Updf/Updf.php:122
Stack trace:
#0 /Volumes/Macintosh HD 2/it/php/projects/xilou/public/www/pdf.php(15): Updf\Updf->render()
#1 {main}
  thrown in /Volumes/Macintosh HD 2/it/php/projects/xilou/public/class/Updf/Updf.php on line 122
[09-Feb-2017 15:58:14 Europe/Paris] PHP Notice:  Undefined variable: products in /private/tmp/FOOZVQm8p on line 31
[09-Feb-2017 15:58:14 Europe/Paris] PHP Stack trace:
[09-Feb-2017 15:58:14 Europe/Paris] PHP   1. {main}() /Users/pierrelafitte/Desktop/mondossier/web/php/projects/xilou/public/www/pdf.php:0
[09-Feb-2017 15:58:14 Europe/Paris] PHP   2. Updf\Updf->render() /Users/pierrelafitte/Desktop/mondossier/web/php/projects/xilou/public/www/pdf.php:19
[09-Feb-2017 15:58:14 Europe/Paris] PHP   3. Updf\Updf->renderContent() /Users/pierrelafitte/Desktop/mondossier/web/php/projects/xilou/public/class/Updf/Updf.php:134
[09-Feb-2017 15:58:14 Europe/Paris] PHP   4. include() /Users/pierrelafitte/Desktop/mondossier/web/php/projects/xilou/public/class/Updf/Updf.php:178
[09-Feb-2017 15:58:15 Europe/Paris] PHP Warning:  Invalid argument supplied for foreach() in /private/tmp/FOOZVQm8p on line 31
[09-Feb-2017 15:58:15 Europe/Paris] PHP Stack trace:
[09-Feb-2017 15:58:15 Europe/Paris] PHP   1. {main}() /Users/pierrelafitte/Desktop/mondossier/web/php/projects/xilou/public/www/pdf.php:0
[09-Feb-2017 15:58:15 Europe/Paris] PHP   2. Updf\Updf->render() /Users/pierrelafitte/Desktop/mondossier/web/php/projects/xilou/public/www/pdf.php:19
[09-Feb-2017 15:58:15 Europe/Paris] PHP   3. Updf\Updf->renderContent() /Users/pierrelafitte/Desktop/mondossier/web/php/projects/xilou/public/class/Updf/Updf.php:134
[09-Feb-2017 15:58:15 Europe/Paris] PHP   4. include() /Users/pierrelafitte/Desktop/mondossier/web/php/projects/xilou/public/class/Updf/Updf.php:178
[09-Feb-2017 15:58:15 Europe/Paris] PHP Warning:  nl2br() expects parameter 1 to be string, array given in /Users/pierrelafitte/Desktop/mondossier/web/php/projects/xilou/public/class/Updf/Updf.php on line 188
[09-Feb-2017 15:58:15 Europe/Paris] PHP Stack trace:
[09-Feb-2017 15:58:15 Europe/Paris] PHP   1. {main}() /Users/pierrelafitte/Desktop/mondossier/web/php/projects/xilou/public/www/pdf.php:0
[09-Feb-2017 15:58:15 Europe/Paris] PHP   2. Updf\Updf->render() /Users/pierrelafitte/Desktop/mondossier/web/php/projects/xilou/public/www/pdf.php:19
[09-Feb-2017 15:58:15 Europe/Paris] PHP   3. Updf\Updf->renderContent() /Users/pierrelafitte/Desktop/mondossier/web/php/projects/xilou/public/class/Updf/Updf.php:134
[09-Feb-2017 15:58:15 Europe/Paris] PHP   4. array_map() /Users/pierrelafitte/Desktop/mondossier/web/php/projects/xilou/public/class/Updf/Updf.php:188
[09-Feb-2017 15:58:15 Europe/Paris] PHP   5. nl2br() /Users/pierrelafitte/Desktop/mondossier/web/php/projects/xilou/public/class/Updf/Updf.php:188
[09-Feb-2017 15:58:15 Europe/Paris] PHP Notice:  Undefined index: old_cell_padding in /Users/pierrelafitte/Desktop/mondossier/web/php/projects/xilou/public/www/TCPDF/tcpdf.php on line 19720
[09-Feb-2017 15:58:15 Europe/Paris] PHP Stack trace:
[09-Feb-2017 15:58:15 Europe/Paris] PHP   1. {main}() /Users/pierrelafitte/Desktop/mondossier/web/php/projects/xilou/public/www/pdf.php:0
[09-Feb-2017 15:58:15 Europe/Paris] PHP   2. Updf\Updf->render() /Users/pierrelafitte/Desktop/mondossier/web/php/projects/xilou/public/www/pdf.php:19
[09-Feb-2017 15:58:15 Europe/Paris] PHP   3. TCPDF->writeHTML() /Users/pierrelafitte/Desktop/mondossier/web/php/projects/xilou/public/class/Updf/Updf.php:140
[09-Feb-2017 15:58:15 Europe/Paris] PHP   4. TCPDF->closeHTMLTagHandler() /Users/pierrelafitte/Desktop/mondossier/web/php/projects/xilou/public/www/TCPDF/tcpdf.php:18283
[09-Feb-2017 15:58:16 Europe/Paris] PHP Warning:  Cannot modify header information - headers already sent by (output started at /Users/pierrelafitte/Desktop/mondossier/web/php/projects/xilou/public/www/TCPDF/tcpdf.php:19720) in /Users/pierrelafitte/Desktop/mondossier/web/php/projects/xilou/public/www/TCPDF/tcpdf.php on line 7624
[09-Feb-2017 15:58:16 Europe/Paris] PHP Stack trace:
[09-Feb-2017 15:58:16 Europe/Paris] PHP   1. {main}() /Users/pierrelafitte/Desktop/mondossier/web/php/projects/xilou/public/www/pdf.php:0
[09-Feb-2017 15:58:16 Europe/Paris] PHP   2. Updf\Updf->render() /Users/pierrelafitte/Desktop/mondossier/web/php/projects/xilou/public/www/pdf.php:19
[09-Feb-2017 15:58:16 Europe/Paris] PHP   3. TCPDF->Output() /Users/pierrelafitte/Desktop/mondossier/web/php/projects/xilou/public/class/Updf/Updf.php:152
[09-Feb-2017 15:58:16 Europe/Paris] PHP   4. header() /Users/pierrelafitte/Desktop/mondossier/web/php/projects/xilou/public/www/TCPDF/tcpdf.php:7624
[09-Feb-2017 17:26:37 Europe/Paris] PHP Notice:  Undefined variable: products in /private/tmp/FOO5oHH9j on line 31
[09-Feb-2017 17:26:37 Europe/Paris] PHP Stack trace:
[09-Feb-2017 17:26:37 Europe/Paris] PHP   1. {main}() /Users/pierrelafitte/Desktop/mondossier/web/php/projects/xilou/public/www/pdf.php:0
[09-Feb-2017 17:26:37 Europe/Paris] PHP   2. Updf\Updf->render() /Users/pierrelafitte/Desktop/mondossier/web/php/projects/xilou/public/www/pdf.php:19
[09-Feb-2017 17:26:37 Europe/Paris] PHP   3. Updf\Updf->renderContent() /Users/pierrelafitte/Desktop/mondossier/web/php/projects/xilou/public/class/Updf/Updf.php:134
[09-Feb-2017 17:26:37 Europe/Paris] PHP   4. include() /Users/pierrelafitte/Desktop/mondossier/web/php/projects/xilou/public/class/Updf/Updf.php:178
[09-Feb-2017 17:26:37 Europe/Paris] PHP Warning:  Invalid argument supplied for foreach() in /private/tmp/FOO5oHH9j on line 31
[09-Feb-2017 17:26:37 Europe/Paris] PHP Stack trace:
[09-Feb-2017 17:26:37 Europe/Paris] PHP   1. {main}() /Users/pierrelafitte/Desktop/mondossier/web/php/projects/xilou/public/www/pdf.php:0
[09-Feb-2017 17:26:37 Europe/Paris] PHP   2. Updf\Updf->render() /Users/pierrelafitte/Desktop/mondossier/web/php/projects/xilou/public/www/pdf.php:19
[09-Feb-2017 17:26:37 Europe/Paris] PHP   3. Updf\Updf->renderContent() /Users/pierrelafitte/Desktop/mondossier/web/php/projects/xilou/public/class/Updf/Updf.php:134
[09-Feb-2017 17:26:37 Europe/Paris] PHP   4. include() /Users/pierrelafitte/Desktop/mondossier/web/php/projects/xilou/public/class/Updf/Updf.php:178
[09-Feb-2017 17:26:37 Europe/Paris] PHP Notice:  Array to string conversion in /Users/pierrelafitte/Desktop/mondossier/web/php/projects/xilou/public/class/Updf/Updf.php on line 196
[09-Feb-2017 17:26:37 Europe/Paris] PHP Stack trace:
[09-Feb-2017 17:26:37 Europe/Paris] PHP   1. {main}() /Users/pierrelafitte/Desktop/mondossier/web/php/projects/xilou/public/www/pdf.php:0
[09-Feb-2017 17:26:37 Europe/Paris] PHP   2. Updf\Updf->render() /Users/pierrelafitte/Desktop/mondossier/web/php/projects/xilou/public/www/pdf.php:19
[09-Feb-2017 17:26:37 Europe/Paris] PHP   3. Updf\Updf->renderContent() /Users/pierrelafitte/Desktop/mondossier/web/php/projects/xilou/public/class/Updf/Updf.php:134
[09-Feb-2017 17:26:37 Europe/Paris] PHP   4. str_replace() /Users/pierrelafitte/Desktop/mondossier/web/php/projects/xilou/public/class/Updf/Updf.php:196
[09-Feb-2017 17:26:37 Europe/Paris] PHP Notice:  Undefined index: old_cell_padding in /Users/pierrelafitte/Desktop/mondossier/web/php/projects/xilou/public/www/TCPDF/tcpdf.php on line 19720
[09-Feb-2017 17:26:37 Europe/Paris] PHP Stack trace:
[09-Feb-2017 17:26:37 Europe/Paris] PHP   1. {main}() /Users/pierrelafitte/Desktop/mondossier/web/php/projects/xilou/public/www/pdf.php:0
[09-Feb-2017 17:26:37 Europe/Paris] PHP   2. Updf\Updf->render() /Users/pierrelafitte/Desktop/mondossier/web/php/projects/xilou/public/www/pdf.php:19
[09-Feb-2017 17:26:37 Europe/Paris] PHP   3. TCPDF->writeHTML() /Users/pierrelafitte/Desktop/mondossier/web/php/projects/xilou/public/class/Updf/Updf.php:140
[09-Feb-2017 17:26:38 Europe/Paris] PHP   4. TCPDF->closeHTMLTagHandler() /Users/pierrelafitte/Desktop/mondossier/web/php/projects/xilou/public/www/TCPDF/tcpdf.php:18283
[09-Feb-2017 17:26:39 Europe/Paris] PHP Warning:  Cannot modify header information - headers already sent by (output started at /Users/pierrelafitte/Desktop/mondossier/web/php/projects/xilou/public/www/TCPDF/tcpdf.php:19720) in /Users/pierrelafitte/Desktop/mondossier/web/php/projects/xilou/public/www/TCPDF/tcpdf.php on line 7624
[09-Feb-2017 17:26:39 Europe/Paris] PHP Stack trace:
[09-Feb-2017 17:26:39 Europe/Paris] PHP   1. {main}() /Users/pierrelafitte/Desktop/mondossier/web/php/projects/xilou/public/www/pdf.php:0
[09-Feb-2017 17:26:39 Europe/Paris] PHP   2. Updf\Updf->render() /Users/pierrelafitte/Desktop/mondossier/web/php/projects/xilou/public/www/pdf.php:19
[09-Feb-2017 17:26:39 Europe/Paris] PHP   3. TCPDF->Output() /Users/pierrelafitte/Desktop/mondossier/web/php/projects/xilou/public/class/Updf/Updf.php:152
[09-Feb-2017 17:26:39 Europe/Paris] PHP   4. header() /Users/pierrelafitte/Desktop/mondossier/web/php/projects/xilou/public/www/TCPDF/tcpdf.php:7624
[09-Feb-2017 17:28:02 Europe/Paris] PHP Notice:  Undefined variable: products in /private/tmp/FOOsLtxli on line 31
[09-Feb-2017 17:28:02 Europe/Paris] PHP Stack trace:
[09-Feb-2017 17:28:02 Europe/Paris] PHP   1. {main}() /Users/pierrelafitte/Desktop/mondossier/web/php/projects/xilou/public/www/pdf.php:0
[09-Feb-2017 17:28:02 Europe/Paris] PHP   2. Updf\Updf->render() /Users/pierrelafitte/Desktop/mondossier/web/php/projects/xilou/public/www/pdf.php:19
[09-Feb-2017 17:28:02 Europe/Paris] PHP   3. Updf\Updf->renderContent() /Users/pierrelafitte/Desktop/mondossier/web/php/projects/xilou/public/class/Updf/Updf.php:134
[09-Feb-2017 17:28:02 Europe/Paris] PHP   4. include() /Users/pierrelafitte/Desktop/mondossier/web/php/projects/xilou/public/class/Updf/Updf.php:178
[09-Feb-2017 17:28:02 Europe/Paris] PHP Warning:  Invalid argument supplied for foreach() in /private/tmp/FOOsLtxli on line 31
[09-Feb-2017 17:28:02 Europe/Paris] PHP Stack trace:
[09-Feb-2017 17:28:02 Europe/Paris] PHP   1. {main}() /Users/pierrelafitte/Desktop/mondossier/web/php/projects/xilou/public/www/pdf.php:0
[09-Feb-2017 17:28:02 Europe/Paris] PHP   2. Updf\Updf->render() /Users/pierrelafitte/Desktop/mondossier/web/php/projects/xilou/public/www/pdf.php:19
[09-Feb-2017 17:28:02 Europe/Paris] PHP   3. Updf\Updf->renderContent() /Users/pierrelafitte/Desktop/mondossier/web/php/projects/xilou/public/class/Updf/Updf.php:134
[09-Feb-2017 17:28:02 Europe/Paris] PHP   4. include() /Users/pierrelafitte/Desktop/mondossier/web/php/projects/xilou/public/class/Updf/Updf.php:178
[09-Feb-2017 17:28:02 Europe/Paris] PHP Notice:  Array to string conversion in /Users/pierrelafitte/Desktop/mondossier/web/php/projects/xilou/public/class/Updf/Updf.php on line 194
[09-Feb-2017 17:28:02 Europe/Paris] PHP Stack trace:
[09-Feb-2017 17:28:02 Europe/Paris] PHP   1. {main}() /Users/pierrelafitte/Desktop/mondossier/web/php/projects/xilou/public/www/pdf.php:0
[09-Feb-2017 17:28:02 Europe/Paris] PHP   2. Updf\Updf->render() /Users/pierrelafitte/Desktop/mondossier/web/php/projects/xilou/public/www/pdf.php:19
[09-Feb-2017 17:28:02 Europe/Paris] PHP   3. Updf\Updf->renderContent() /Users/pierrelafitte/Desktop/mondossier/web/php/projects/xilou/public/class/Updf/Updf.php:134
[09-Feb-2017 17:28:02 Europe/Paris] PHP   4. str_replace() /Users/pierrelafitte/Desktop/mondossier/web/php/projects/xilou/public/class/Updf/Updf.php:194
[09-Feb-2017 17:28:02 Europe/Paris] PHP Notice:  Undefined index: old_cell_padding in /Users/pierrelafitte/Desktop/mondossier/web/php/projects/xilou/public/www/TCPDF/tcpdf.php on line 19720
[09-Feb-2017 17:28:02 Europe/Paris] PHP Stack trace:
[09-Feb-2017 17:28:02 Europe/Paris] PHP   1. {main}() /Users/pierrelafitte/Desktop/mondossier/web/php/projects/xilou/public/www/pdf.php:0
[09-Feb-2017 17:28:02 Europe/Paris] PHP   2. Updf\Updf->render() /Users/pierrelafitte/Desktop/mondossier/web/php/projects/xilou/public/www/pdf.php:19
[09-Feb-2017 17:28:02 Europe/Paris] PHP   3. TCPDF->writeHTML() /Users/pierrelafitte/Desktop/mondossier/web/php/projects/xilou/public/class/Updf/Updf.php:140
[09-Feb-2017 17:28:02 Europe/Paris] PHP   4. TCPDF->closeHTMLTagHandler() /Users/pierrelafitte/Desktop/mondossier/web/php/projects/xilou/public/www/TCPDF/tcpdf.php:18283
[09-Feb-2017 17:28:03 Europe/Paris] PHP Warning:  Cannot modify header information - headers already sent by (output started at /Users/pierrelafitte/Desktop/mondossier/web/php/projects/xilou/public/www/TCPDF/tcpdf.php:19720) in /Users/pierrelafitte/Desktop/mondossier/web/php/projects/xilou/public/www/TCPDF/tcpdf.php on line 7624
[09-Feb-2017 17:28:03 Europe/Paris] PHP Stack trace:
[09-Feb-2017 17:28:03 Europe/Paris] PHP   1. {main}() /Users/pierrelafitte/Desktop/mondossier/web/php/projects/xilou/public/www/pdf.php:0
[09-Feb-2017 17:28:03 Europe/Paris] PHP   2. Updf\Updf->render() /Users/pierrelafitte/Desktop/mondossier/web/php/projects/xilou/public/www/pdf.php:19
[09-Feb-2017 17:28:03 Europe/Paris] PHP   3. TCPDF->Output() /Users/pierrelafitte/Desktop/mondossier/web/php/projects/xilou/public/class/Updf/Updf.php:152
[09-Feb-2017 17:28:03 Europe/Paris] PHP   4. header() /Users/pierrelafitte/Desktop/mondossier/web/php/projects/xilou/public/www/TCPDF/tcpdf.php:7624
[09-Feb-2017 22:44:32 Europe/Paris] PHP Notice:  Undefined variable: products in /private/tmp/FOOeNIKMM on line 31
[09-Feb-2017 22:44:32 Europe/Paris] PHP Warning:  Invalid argument supplied for foreach() in /private/tmp/FOOeNIKMM on line 31
[09-Feb-2017 22:44:32 Europe/Paris] PHP Notice:  Array to string conversion in /Volumes/Macintosh HD 2/it/php/projects/xilou/public/class/Updf/Updf.php on line 197
[09-Feb-2017 22:49:28 Europe/Paris] PHP Notice:  Undefined variable: products in /private/tmp/FOOMqIdVh on line 31
[09-Feb-2017 22:49:28 Europe/Paris] PHP Warning:  Invalid argument supplied for foreach() in /private/tmp/FOOMqIdVh on line 31
[09-Feb-2017 22:49:28 Europe/Paris] PHP Notice:  Array to string conversion in /Volumes/Macintosh HD 2/it/php/projects/xilou/public/class/Updf/Updf.php on line 197
[09-Feb-2017 22:50:10 Europe/Paris] PHP Notice:  Undefined variable: products in /private/tmp/FOO5k2PXA on line 31
[09-Feb-2017 22:50:10 Europe/Paris] PHP Warning:  Invalid argument supplied for foreach() in /private/tmp/FOO5k2PXA on line 31
[09-Feb-2017 22:50:10 Europe/Paris] PHP Notice:  Array to string conversion in /Volumes/Macintosh HD 2/it/php/projects/xilou/public/class/Updf/Updf.php on line 197
[09-Feb-2017 22:51:41 Europe/Paris] PHP Notice:  Undefined variable: products in /private/tmp/FOOGAi6vo on line 31
[09-Feb-2017 22:51:41 Europe/Paris] PHP Warning:  Invalid argument supplied for foreach() in /private/tmp/FOOGAi6vo on line 31
[09-Feb-2017 22:51:41 Europe/Paris] PHP Notice:  Array to string conversion in /Volumes/Macintosh HD 2/it/php/projects/xilou/public/class/Updf/Updf.php on line 201
[09-Feb-2017 22:55:07 Europe/Paris] PHP Notice:  Undefined variable: products in /private/tmp/FOOAWLwFD on line 31
[09-Feb-2017 22:55:07 Europe/Paris] PHP Warning:  Invalid argument supplied for foreach() in /private/tmp/FOOAWLwFD on line 31
[09-Feb-2017 22:59:23 Europe/Paris] PHP Notice:  Trying to get property of non-object in /private/tmp/FOOKJnKkp on line 33
[09-Feb-2017 22:59:23 Europe/Paris] PHP Notice:  Trying to get property of non-object in /private/tmp/FOOKJnKkp on line 34
[09-Feb-2017 22:59:23 Europe/Paris] PHP Notice:  Trying to get property of non-object in /private/tmp/FOOKJnKkp on line 35
[09-Feb-2017 22:59:23 Europe/Paris] PHP Notice:  Trying to get property of non-object in /private/tmp/FOOKJnKkp on line 36
[09-Feb-2017 22:59:23 Europe/Paris] PHP Notice:  Trying to get property of non-object in /private/tmp/FOOKJnKkp on line 37
[09-Feb-2017 22:59:23 Europe/Paris] PHP Notice:  Trying to get property of non-object in /private/tmp/FOOKJnKkp on line 38
[09-Feb-2017 22:59:23 Europe/Paris] PHP Notice:  Trying to get property of non-object in /private/tmp/FOOKJnKkp on line 39
[09-Feb-2017 22:59:46 Europe/Paris] PHP Notice:  Trying to get property of non-object in /private/tmp/FOOtQEhuc on line 31
[09-Feb-2017 22:59:46 Europe/Paris] PHP Warning:  Invalid argument supplied for foreach() in /private/tmp/FOOtQEhuc on line 31
[09-Feb-2017 22:59:56 Europe/Paris] PHP Notice:  Trying to get property of non-object in /private/tmp/FOOWOrqf8 on line 33
[09-Feb-2017 22:59:56 Europe/Paris] PHP Notice:  Trying to get property of non-object in /private/tmp/FOOWOrqf8 on line 34
[09-Feb-2017 22:59:56 Europe/Paris] PHP Notice:  Trying to get property of non-object in /private/tmp/FOOWOrqf8 on line 35
[09-Feb-2017 22:59:56 Europe/Paris] PHP Notice:  Trying to get property of non-object in /private/tmp/FOOWOrqf8 on line 36
[09-Feb-2017 22:59:56 Europe/Paris] PHP Notice:  Trying to get property of non-object in /private/tmp/FOOWOrqf8 on line 37
[09-Feb-2017 22:59:56 Europe/Paris] PHP Notice:  Trying to get property of non-object in /private/tmp/FOOWOrqf8 on line 38
[09-Feb-2017 22:59:56 Europe/Paris] PHP Notice:  Trying to get property of non-object in /private/tmp/FOOWOrqf8 on line 39
[09-Feb-2017 23:00:34 Europe/Paris] PHP Notice:  Trying to get property of non-object in /private/tmp/FOOyxTl4v on line 33
[09-Feb-2017 23:00:34 Europe/Paris] PHP Notice:  Trying to get property of non-object in /private/tmp/FOOyxTl4v on line 34
[09-Feb-2017 23:00:34 Europe/Paris] PHP Notice:  Trying to get property of non-object in /private/tmp/FOOyxTl4v on line 35
[09-Feb-2017 23:00:34 Europe/Paris] PHP Notice:  Trying to get property of non-object in /private/tmp/FOOyxTl4v on line 36
[09-Feb-2017 23:00:34 Europe/Paris] PHP Notice:  Trying to get property of non-object in /private/tmp/FOOyxTl4v on line 37
[09-Feb-2017 23:00:34 Europe/Paris] PHP Notice:  Trying to get property of non-object in /private/tmp/FOOyxTl4v on line 38
[09-Feb-2017 23:00:34 Europe/Paris] PHP Notice:  Trying to get property of non-object in /private/tmp/FOOyxTl4v on line 39
[09-Feb-2017 23:01:55 Europe/Paris] PHP Notice:  Undefined property: stdClass::$taxRate in /private/tmp/FOOpCDtTX on line 35
[09-Feb-2017 23:01:55 Europe/Paris] PHP Notice:  Undefined property: stdClass::$basePrice in /private/tmp/FOOpCDtTX on line 36
[09-Feb-2017 23:01:55 Europe/Paris] PHP Notice:  Undefined property: stdClass::$unitPrice in /private/tmp/FOOpCDtTX on line 37
[10-Feb-2017 05:23:39 Europe/Paris] PHP Notice:  Undefined property: stdClass::$taxRate in /private/tmp/FOOy58dI6 on line 35
[10-Feb-2017 05:23:39 Europe/Paris] PHP Notice:  Undefined property: stdClass::$basePrice in /private/tmp/FOOy58dI6 on line 36
[10-Feb-2017 05:23:39 Europe/Paris] PHP Notice:  Undefined property: stdClass::$unitPrice in /private/tmp/FOOy58dI6 on line 37
[10-Feb-2017 05:24:15 Europe/Paris] PHP Notice:  Undefined property: stdClass::$taxRate in /private/tmp/FOOgQlwcN on line 36
[10-Feb-2017 05:24:15 Europe/Paris] PHP Notice:  Undefined property: stdClass::$basePrice in /private/tmp/FOOgQlwcN on line 37
[10-Feb-2017 05:24:15 Europe/Paris] PHP Notice:  Undefined property: stdClass::$unitPrice in /private/tmp/FOOgQlwcN on line 38
[10-Feb-2017 05:25:05 Europe/Paris] PHP Notice:  Undefined property: stdClass::$taxRate in /private/tmp/FOOZIzCHC on line 36
[10-Feb-2017 05:25:05 Europe/Paris] PHP Notice:  Undefined property: stdClass::$basePrice in /private/tmp/FOOZIzCHC on line 37
[10-Feb-2017 05:25:05 Europe/Paris] PHP Notice:  Undefined property: stdClass::$unitPrice in /private/tmp/FOOZIzCHC on line 38
[10-Feb-2017 05:26:59 Europe/Paris] PHP Notice:  Undefined property: stdClass::$taxRate in /private/tmp/FOOjoaU6k on line 36
[10-Feb-2017 05:26:59 Europe/Paris] PHP Notice:  Undefined property: stdClass::$basePrice in /private/tmp/FOOjoaU6k on line 37
[10-Feb-2017 05:26:59 Europe/Paris] PHP Notice:  Undefined property: stdClass::$unitPrice in /private/tmp/FOOjoaU6k on line 38
[10-Feb-2017 05:27:22 Europe/Paris] PHP Notice:  Undefined property: stdClass::$taxRate in /private/tmp/FOObtgWl0 on line 36
[10-Feb-2017 05:27:22 Europe/Paris] PHP Notice:  Undefined property: stdClass::$basePrice in /private/tmp/FOObtgWl0 on line 37
[10-Feb-2017 05:27:22 Europe/Paris] PHP Notice:  Undefined property: stdClass::$unitPrice in /private/tmp/FOObtgWl0 on line 38
[10-Feb-2017 05:35:51 Europe/Paris] PHP Fatal error:  Uncaught Error: Class 'Updf\Component\Ling\Invoice\InvoiceOrderProductsTableComponent' not found in /Volumes/Macintosh HD 2/it/php/projects/xilou/public/www/pdf.php:18
Stack trace:
#0 {main}
  thrown in /Volumes/Macintosh HD 2/it/php/projects/xilou/public/www/pdf.php on line 18
[10-Feb-2017 07:16:05 Europe/Paris] PHP Parse error:  syntax error, unexpected '{', expecting '(' in /Volumes/Macintosh HD 2/it/php/projects/xilou/public/class/Updf/Model/AbstractModel.php on line 18
[10-Feb-2017 07:16:17 Europe/Paris] PHP Fatal error:  Uncaught Error: Class 'Updf\Exception\UpdfException' not found in /Volumes/Macintosh HD 2/it/php/projects/xilou/public/class/Updf/Updf.php:143
Stack trace:
#0 /Volumes/Macintosh HD 2/it/php/projects/xilou/public/class/Updf/Updf.php(95): Updf\Updf->renderTemplate('invoice', Array)
#1 /Volumes/Macintosh HD 2/it/php/projects/xilou/public/www/pdf.php(29): Updf\Updf->render()
#2 {main}
  thrown in /Volumes/Macintosh HD 2/it/php/projects/xilou/public/class/Updf/Updf.php on line 143
[10-Feb-2017 07:16:27 Europe/Paris] PHP Fatal error:  Uncaught Updf\Exception\UpdfException: Couldn't load the template content for invoice in /Volumes/Macintosh HD 2/it/php/projects/xilou/public/class/Updf/Updf.php:143
Stack trace:
#0 /Volumes/Macintosh HD 2/it/php/projects/xilou/public/class/Updf/Updf.php(95): Updf\Updf->renderTemplate('invoice', Array)
#1 /Volumes/Macintosh HD 2/it/php/projects/xilou/public/www/pdf.php(29): Updf\Updf->render()
#2 {main}
  thrown in /Volumes/Macintosh HD 2/it/php/projects/xilou/public/class/Updf/Updf.php on line 143
[10-Feb-2017 07:17:02 Europe/Paris] PHP Fatal error:  Uncaught Updf\Exception\UpdfException: Couldn't load the template content for invoice in /Volumes/Macintosh HD 2/it/php/projects/xilou/public/class/Updf/Updf.php:143
Stack trace:
#0 /Volumes/Macintosh HD 2/it/php/projects/xilou/public/class/Updf/Updf.php(95): Updf\Updf->renderTemplate('invoice', Array)
#1 /Volumes/Macintosh HD 2/it/php/projects/xilou/public/www/pdf.php(29): Updf\Updf->render()
#2 {main}
  thrown in /Volumes/Macintosh HD 2/it/php/projects/xilou/public/class/Updf/Updf.php on line 143
[10-Feb-2017 07:17:03 Europe/Paris] PHP Fatal error:  Uncaught Updf\Exception\UpdfException: Couldn't load the template content for invoice in /Volumes/Macintosh HD 2/it/php/projects/xilou/public/class/Updf/Updf.php:143
Stack trace:
#0 /Volumes/Macintosh HD 2/it/php/projects/xilou/public/class/Updf/Updf.php(95): Updf\Updf->renderTemplate('invoice', Array)
#1 /Volumes/Macintosh HD 2/it/php/projects/xilou/public/www/pdf.php(29): Updf\Updf->render()
#2 {main}
  thrown in /Volumes/Macintosh HD 2/it/php/projects/xilou/public/class/Updf/Updf.php on line 143
[10-Feb-2017 08:00:57 Europe/Paris] PHP Fatal error:  Uncaught exception 'Updf\Exception\UpdfException' with message 'Couldn't load the template content for invoice.addresses_tab' in /Users/pierrelafitte/Desktop/mondossier/web/php/projects/xilou/public/class/Updf/Updf.php:143
Stack trace:
#0 /Users/pierrelafitte/Desktop/mondossier/web/php/projects/xilou/public/class/Updf/Updf.php(183): Updf\Updf->renderTemplate('invoice.address...', Array)
#1 [internal function]: Updf\Updf->Updf\{closure}(Array)
#2 /Users/pierrelafitte/Desktop/mondossier/web/php/projects/xilou/public/class/Updf/Updf.php(184): preg_replace_callback('!{([a-zA-Z_][a-...', Object(Closure), '<style>\n    tab...')
#3 /Users/pierrelafitte/Desktop/mondossier/web/php/projects/xilou/public/class/Updf/Updf.php(95): Updf\Updf->renderTemplate('invoice', Array)
#4 /Users/pierrelafitte/Desktop/mondossier/web/php/projects/xilou/public/www/pdf.php(29): Updf\Updf->render()
#5 {main}
  thrown in /Users/pierrelafitte/Desktop/mondossier/web/php/projects/xilou/public/class/Updf/Updf.php on line 143
[10-Feb-2017 08:01:54 Europe/Paris] PHP Fatal error:  Uncaught exception 'Updf\Exception\UpdfException' with message 'Couldn't load the template content for invoice.summary_tab' in /Users/pierrelafitte/Desktop/mondossier/web/php/projects/xilou/public/class/Updf/Updf.php:143
Stack trace:
#0 /Users/pierrelafitte/Desktop/mondossier/web/php/projects/xilou/public/class/Updf/Updf.php(183): Updf\Updf->renderTemplate('invoice.summary...', Array)
#1 [internal function]: Updf\Updf->Updf\{closure}(Array)
#2 /Users/pierrelafitte/Desktop/mondossier/web/php/projects/xilou/public/class/Updf/Updf.php(184): preg_replace_callback('!{([a-zA-Z_][a-...', Object(Closure), '<style>\n    tab...')
#3 /Users/pierrelafitte/Desktop/mondossier/web/php/projects/xilou/public/class/Updf/Updf.php(95): Updf\Updf->renderTemplate('invoice', Array)
#4 /Users/pierrelafitte/Desktop/mondossier/web/php/projects/xilou/public/www/pdf.php(29): Updf\Updf->render()
#5 {main}
  thrown in /Users/pierrelafitte/Desktop/mondossier/web/php/projects/xilou/public/class/Updf/Updf.php on line 143
[10-Feb-2017 09:44:47 Europe/Paris] PHP Warning:  array_merge(): Argument #1 is not an array in /Users/pierrelafitte/Desktop/mondossier/web/php/projects/xilou/public/class/Updf/Model/AbstractModel.php on line 26
[10-Feb-2017 09:44:47 Europe/Paris] PHP Stack trace:
[10-Feb-2017 09:44:47 Europe/Paris] PHP   1. {main}() /Users/pierrelafitte/Desktop/mondossier/web/php/projects/xilou/public/www/pdf.php:0
[10-Feb-2017 09:44:47 Europe/Paris] PHP   2. Updf\Updf->render() /Users/pierrelafitte/Desktop/mondossier/web/php/projects/xilou/public/www/pdf.php:29
[10-Feb-2017 09:44:47 Europe/Paris] PHP   3. Updf\Model\AbstractModel->getVariables() /Users/pierrelafitte/Desktop/mondossier/web/php/projects/xilou/public/class/Updf/Updf.php:88
[10-Feb-2017 09:44:47 Europe/Paris] PHP   4. array_merge() /Users/pierrelafitte/Desktop/mondossier/web/php/projects/xilou/public/class/Updf/Model/AbstractModel.php:26
[10-Feb-2017 09:44:47 Europe/Paris] PHP Warning:  array_merge(): Argument #1 is not an array in /Users/pierrelafitte/Desktop/mondossier/web/php/projects/xilou/public/class/Updf/Updf.php on line 88
[10-Feb-2017 09:44:47 Europe/Paris] PHP Stack trace:
[10-Feb-2017 09:44:47 Europe/Paris] PHP   1. {main}() /Users/pierrelafitte/Desktop/mondossier/web/php/projects/xilou/public/www/pdf.php:0
[10-Feb-2017 09:44:47 Europe/Paris] PHP   2. Updf\Updf->render() /Users/pierrelafitte/Desktop/mondossier/web/php/projects/xilou/public/www/pdf.php:29
[10-Feb-2017 09:44:47 Europe/Paris] PHP   3. array_merge() /Users/pierrelafitte/Desktop/mondossier/web/php/projects/xilou/public/class/Updf/Updf.php:88
[10-Feb-2017 09:44:47 Europe/Paris] PHP Catchable fatal error:  Argument 2 passed to Updf\Updf::renderTemplate() must be of the type array, null given, called in /Users/pierrelafitte/Desktop/mondossier/web/php/projects/xilou/public/class/Updf/Updf.php on line 95 and defined in /Users/pierrelafitte/Desktop/mondossier/web/php/projects/xilou/public/class/Updf/Updf.php on line 130
[10-Feb-2017 09:44:47 Europe/Paris] PHP Stack trace:
[10-Feb-2017 09:44:47 Europe/Paris] PHP   1. {main}() /Users/pierrelafitte/Desktop/mondossier/web/php/projects/xilou/public/www/pdf.php:0
[10-Feb-2017 09:44:47 Europe/Paris] PHP   2. Updf\Updf->render() /Users/pierrelafitte/Desktop/mondossier/web/php/projects/xilou/public/www/pdf.php:29
[10-Feb-2017 09:44:47 Europe/Paris] PHP   3. Updf\Updf->renderTemplate() /Users/pierrelafitte/Desktop/mondossier/web/php/projects/xilou/public/class/Updf/Updf.php:95
[10-Feb-2017 09:45:11 Europe/Paris] PHP Warning:  array_merge(): Argument #1 is not an array in /Users/pierrelafitte/Desktop/mondossier/web/php/projects/xilou/public/class/Updf/Model/AbstractModel.php on line 26
[10-Feb-2017 09:45:11 Europe/Paris] PHP Stack trace:
[10-Feb-2017 09:45:11 Europe/Paris] PHP   1. {main}() /Users/pierrelafitte/Desktop/mondossier/web/php/projects/xilou/public/www/pdf.php:0
[10-Feb-2017 09:45:11 Europe/Paris] PHP   2. Updf\Updf->render() /Users/pierrelafitte/Desktop/mondossier/web/php/projects/xilou/public/www/pdf.php:29
[10-Feb-2017 09:45:11 Europe/Paris] PHP   3. Updf\Model\AbstractModel->getVariables() /Users/pierrelafitte/Desktop/mondossier/web/php/projects/xilou/public/class/Updf/Updf.php:88
[10-Feb-2017 09:45:11 Europe/Paris] PHP   4. array_merge() /Users/pierrelafitte/Desktop/mondossier/web/php/projects/xilou/public/class/Updf/Model/AbstractModel.php:26
[10-Feb-2017 09:45:11 Europe/Paris] PHP Warning:  array_merge(): Argument #1 is not an array in /Users/pierrelafitte/Desktop/mondossier/web/php/projects/xilou/public/class/Updf/Updf.php on line 88
[10-Feb-2017 09:45:11 Europe/Paris] PHP Stack trace:
[10-Feb-2017 09:45:11 Europe/Paris] PHP   1. {main}() /Users/pierrelafitte/Desktop/mondossier/web/php/projects/xilou/public/www/pdf.php:0
[10-Feb-2017 09:45:11 Europe/Paris] PHP   2. Updf\Updf->render() /Users/pierrelafitte/Desktop/mondossier/web/php/projects/xilou/public/www/pdf.php:29
[10-Feb-2017 09:45:11 Europe/Paris] PHP   3. array_merge() /Users/pierrelafitte/Desktop/mondossier/web/php/projects/xilou/public/class/Updf/Updf.php:88
[10-Feb-2017 09:45:11 Europe/Paris] PHP Catchable fatal error:  Argument 2 passed to Updf\Updf::renderTemplate() must be of the type array, null given, called in /Users/pierrelafitte/Desktop/mondossier/web/php/projects/xilou/public/class/Updf/Updf.php on line 95 and defined in /Users/pierrelafitte/Desktop/mondossier/web/php/projects/xilou/public/class/Updf/Updf.php on line 130
[10-Feb-2017 09:45:11 Europe/Paris] PHP Stack trace:
[10-Feb-2017 09:45:11 Europe/Paris] PHP   1. {main}() /Users/pierrelafitte/Desktop/mondossier/web/php/projects/xilou/public/www/pdf.php:0
[10-Feb-2017 09:45:11 Europe/Paris] PHP   2. Updf\Updf->render() /Users/pierrelafitte/Desktop/mondossier/web/php/projects/xilou/public/www/pdf.php:29
[10-Feb-2017 09:45:11 Europe/Paris] PHP   3. Updf\Updf->renderTemplate() /Users/pierrelafitte/Desktop/mondossier/web/php/projects/xilou/public/class/Updf/Updf.php:95
[10-Feb-2017 09:46:58 Europe/Paris] PHP Warning:  array_merge(): Argument #1 is not an array in /Users/pierrelafitte/Desktop/mondossier/web/php/projects/xilou/public/class/Updf/Model/AbstractModel.php on line 27
[10-Feb-2017 09:46:59 Europe/Paris] PHP Stack trace:
[10-Feb-2017 09:46:59 Europe/Paris] PHP   1. {main}() /Users/pierrelafitte/Desktop/mondossier/web/php/projects/xilou/public/www/pdf.php:0
[10-Feb-2017 09:46:59 Europe/Paris] PHP   2. Updf\Updf->render() /Users/pierrelafitte/Desktop/mondossier/web/php/projects/xilou/public/www/pdf.php:29
[10-Feb-2017 09:46:59 Europe/Paris] PHP   3. Updf\Model\AbstractModel->getVariables() /Users/pierrelafitte/Desktop/mondossier/web/php/projects/xilou/public/class/Updf/Updf.php:88
[10-Feb-2017 09:46:59 Europe/Paris] PHP   4. array_merge() /Users/pierrelafitte/Desktop/mondossier/web/php/projects/xilou/public/class/Updf/Model/AbstractModel.php:27
[10-Feb-2017 09:46:59 Europe/Paris] PHP Warning:  array_merge(): Argument #1 is not an array in /Users/pierrelafitte/Desktop/mondossier/web/php/projects/xilou/public/class/Updf/Updf.php on line 88
[10-Feb-2017 09:46:59 Europe/Paris] PHP Stack trace:
[10-Feb-2017 09:46:59 Europe/Paris] PHP   1. {main}() /Users/pierrelafitte/Desktop/mondossier/web/php/projects/xilou/public/www/pdf.php:0
[10-Feb-2017 09:46:59 Europe/Paris] PHP   2. Updf\Updf->render() /Users/pierrelafitte/Desktop/mondossier/web/php/projects/xilou/public/www/pdf.php:29
[10-Feb-2017 09:46:59 Europe/Paris] PHP   3. array_merge() /Users/pierrelafitte/Desktop/mondossier/web/php/projects/xilou/public/class/Updf/Updf.php:88
[10-Feb-2017 09:46:59 Europe/Paris] PHP Catchable fatal error:  Argument 2 passed to Updf\Updf::renderTemplate() must be of the type array, null given, called in /Users/pierrelafitte/Desktop/mondossier/web/php/projects/xilou/public/class/Updf/Updf.php on line 95 and defined in /Users/pierrelafitte/Desktop/mondossier/web/php/projects/xilou/public/class/Updf/Updf.php on line 130
[10-Feb-2017 09:46:59 Europe/Paris] PHP Stack trace:
[10-Feb-2017 09:46:59 Europe/Paris] PHP   1. {main}() /Users/pierrelafitte/Desktop/mondossier/web/php/projects/xilou/public/www/pdf.php:0
[10-Feb-2017 09:46:59 Europe/Paris] PHP   2. Updf\Updf->render() /Users/pierrelafitte/Desktop/mondossier/web/php/projects/xilou/public/www/pdf.php:29
[10-Feb-2017 09:46:59 Europe/Paris] PHP   3. Updf\Updf->renderTemplate() /Users/pierrelafitte/Desktop/mondossier/web/php/projects/xilou/public/class/Updf/Updf.php:95
[10-Feb-2017 17:23:46 Europe/Paris] PHP Fatal error:  Uncaught exception 'Updf\Exception\UpdfException' with message 'Couldn't load the template content for invoice.total_tab' in /Users/pierrelafitte/Desktop/mondossier/web/php/projects/xilou/public/class/Updf/Updf.php:143
Stack trace:
#0 /Users/pierrelafitte/Desktop/mondossier/web/php/projects/xilou/public/class/Updf/Updf.php(183): Updf\Updf->renderTemplate('invoice.total_t...', Array)
#1 [internal function]: Updf\Updf->Updf\{closure}(Array)
#2 /Users/pierrelafitte/Desktop/mondossier/web/php/projects/xilou/public/class/Updf/Updf.php(184): preg_replace_callback('!{([a-zA-Z_][a-...', Object(Closure), '<style>\n    tab...')
#3 /Users/pierrelafitte/Desktop/mondossier/web/php/projects/xilou/public/class/Updf/Updf.php(95): Updf\Updf->renderTemplate('invoice', Array)
#4 /Users/pierrelafitte/Desktop/mondossier/web/php/projects/xilou/public/www/pdf.php(29): Updf\Updf->render()
#5 {main}
  thrown in /Users/pierrelafitte/Desktop/mondossier/web/php/projects/xilou/public/class/Updf/Updf.php on line 143
